<?xml version="1.0" encoding="UTF-8"?>
<!-- Generated by org.testng.reporters.JUnitXMLReporter -->
<testsuite ignored="0" hostname="gpieng0021" failures="0" tests="6" name="Default test" time="3.962" errors="0" timestamp="2024-09-13T18:33:17 IST">
  <testcase classname="com.ecom.testcase.EcomTestCase" name="NotAbleToLogin" time="1.744"/>
  <testcase classname="com.ecom.testcase.EcomTestCase" name="ShouldAbleTologin" time="0.451"/>
  <testcase classname="com.ecom.testcase.EcomTestCase" name="ShouldAbleToAddProduct" time="0.666"/>
  <testcase classname="com.ecom.testcase.EcomTestCase" name="CreateNewOrder" time="0.335"/>
  <testcase classname="com.ecom.testcase.EcomTestCase" name="ViewOrderById" time="0.383"/>
  <testcase classname="com.ecom.testcase.EcomTestCase" name="DeleteProduct" time="0.343"/>
</testsuite> <!-- Default test -->
