<?xml version="1.0" encoding="UTF-8"?>
<!-- Generated by org.testng.reporters.JUnitXMLReporter -->
<testsuite ignored="0" hostname="gpieng0021" failures="0" tests="5" name="Test" time="4.091" errors="0" timestamp="2024-09-20T14:29:37 IST">
  <testcase classname="com.ecom.testcase.EcomTestCase" name="NotAbleToLogin" time="2.494"/>
  <testcase classname="com.ecom.testcase.EcomTestCase" name="ShouldAbleTologin" time="0.389"/>
  <testcase classname="com.ecom.testcase.EcomTestCase" name="ShouldAbleToAddProduct" time="0.671"/>
  <testcase classname="com.ecom.testcase.EcomTestCase" name="CreateNewOrder" time="0.283"/>
  <testcase classname="com.ecom.testcase.EcomTestCase" name="ViewOrderById" time="0.213"/>
</testsuite> <!-- Test -->
