<?xml version="1.0" encoding="UTF-8"?>
<testng-results ignored="0" total="5" passed="5" failed="0" skipped="0">
  <reporter-output>
  </reporter-output>
  <suite started-at="2024-09-20T09:39:33 IST" name="Default suite" finished-at="2024-09-20T09:39:38 IST" duration-ms="4484">
    <groups>
    </groups>
    <test started-at="2024-09-20T09:39:33 IST" name="Default test" finished-at="2024-09-20T09:39:38 IST" duration-ms="4484">
      <class name="com.ecom.testcase.EcomTestCase">
        <test-method signature="NotAbleToLogin()[pri:1, instance:com.ecom.testcase.EcomTestCase@3911c2a7]" started-at="2024-09-20T09:39:34 IST" name="NotAbleToLogin" finished-at="2024-09-20T09:39:36 IST" duration-ms="2505" status="PASS">
          <reporter-output>
          </reporter-output>
        </test-method> <!-- NotAbleToLogin -->
        <test-method signature="ShouldAbleTologin()[pri:2, instance:com.ecom.testcase.EcomTestCase@3911c2a7]" started-at="2024-09-20T09:39:36 IST" name="ShouldAbleTologin" finished-at="2024-09-20T09:39:37 IST" duration-ms="498" status="PASS">
          <reporter-output>
          </reporter-output>
        </test-method> <!-- ShouldAbleTologin -->
        <test-method signature="ShouldAbleToAddProduct()[pri:3, instance:com.ecom.testcase.EcomTestCase@3911c2a7]" started-at="2024-09-20T09:39:37 IST" name="ShouldAbleToAddProduct" finished-at="2024-09-20T09:39:37 IST" duration-ms="904" status="PASS">
          <reporter-output>
          </reporter-output>
        </test-method> <!-- ShouldAbleToAddProduct -->
        <test-method signature="CreateNewOrder()[pri:4, instance:com.ecom.testcase.EcomTestCase@3911c2a7]" started-at="2024-09-20T09:39:37 IST" name="CreateNewOrder" finished-at="2024-09-20T09:39:38 IST" duration-ms="260" status="PASS">
          <reporter-output>
          </reporter-output>
        </test-method> <!-- CreateNewOrder -->
        <test-method signature="ViewOrderById()[pri:5, instance:com.ecom.testcase.EcomTestCase@3911c2a7]" started-at="2024-09-20T09:39:38 IST" name="ViewOrderById" finished-at="2024-09-20T09:39:38 IST" duration-ms="282" status="PASS">
          <reporter-output>
          </reporter-output>
        </test-method> <!-- ViewOrderById -->
      </class> <!-- com.ecom.testcase.EcomTestCase -->
    </test> <!-- Default test -->
  </suite> <!-- Default suite -->
</testng-results>
