<?xml version="1.0" encoding="UTF-8"?>
<!-- Generated by org.testng.reporters.JUnitReportReporter -->
<testsuite hostname="gpieng0021" failures="0" tests="5" name="com.ecom.testcase.EcomTestCase" time="4.449" errors="0" timestamp="2024-09-20T09:39:38 IST" skipped="0">
  <testcase classname="com.ecom.testcase.EcomTestCase" name="NotAbleToLogin" time="2.505"/>
  <testcase classname="com.ecom.testcase.EcomTestCase" name="ShouldAbleTologin" time="0.498"/>
  <testcase classname="com.ecom.testcase.EcomTestCase" name="ShouldAbleToAddProduct" time="0.904"/>
  <testcase classname="com.ecom.testcase.EcomTestCase" name="CreateNewOrder" time="0.260"/>
  <testcase classname="com.ecom.testcase.EcomTestCase" name="ViewOrderById" time="0.282"/>
</testsuite> <!-- com.ecom.testcase.EcomTestCase -->
